#-----------------------------------------------------------
# Vivado v2018.2.2 (64-bit)
# SW Build 2348494 on Mon Oct  1 18:25:44 MDT 2018
# IP Build 2318053 on Mon Oct  1 21:44:26 MDT 2018
# Start of session at: Sat Jan  6 12:15:54 2024
# Process ID: 11160
# Current directory: C:/Users/jason/Desktop/verilog_lab/soc_work/final_project/Code/Sokoban_Game_sdk/Sokoban_Game
# Command line: vivado.exe -gui_launcher_event rodinguilauncherevent4868 C:\Users\jason\Desktop\verilog_lab\soc_work\final_project\Code\Sokoban_Game_sdk\Sokoban_Game\Sokoban_Game.xpr
# Log file: C:/Users/jason/Desktop/verilog_lab/soc_work/final_project/Code/Sokoban_Game_sdk/Sokoban_Game/vivado.log
# Journal file: C:/Users/jason/Desktop/verilog_lab/soc_work/final_project/Code/Sokoban_Game_sdk/Sokoban_Game\vivado.jou
#-----------------------------------------------------------
start_gui
open_project C:/Users/jason/Desktop/verilog_lab/soc_work/final_project/Code/Sokoban_Game_sdk/Sokoban_Game/Sokoban_Game.xpr
INFO: [ProjectBase 1-489] The host OS only allows 260 characters in a normal path. The project is stored in a path with more than 80 characters. If you experience issues with IP, Block Designs, or files not being found, please consider moving the project to a location with a shorter path. Alternately consider using the OS subst command to map part of the path to a drive letter.
Current project path is 'C:/Users/jason/Desktop/verilog_lab/soc_work/final_project/Code/Sokoban_Game_sdk/Sokoban_Game'
Scanning sources...
Finished scanning sources
INFO: [IP_Flow 19-234] Refreshing IP repositories
INFO: [IP_Flow 19-1704] No user IP repositories specified
INFO: [IP_Flow 19-2313] Loaded Vivado IP repository 'D:/Vivado/Vivado/2018.2/data/ip'.
open_project: Time (s): cpu = 00:00:15 ; elapsed = 00:00:11 . Memory (MB): peak = 891.113 ; gain = 149.953
update_compile_order -fileset sources_1
launch_sdk -workspace C:/Users/jason/Desktop/verilog_lab/soc_work/final_project/Code/Sokoban_Game_sdk/Sokoban_Game/Sokoban_Game.sdk -hwspec C:/Users/jason/Desktop/verilog_lab/soc_work/final_project/Code/Sokoban_Game_sdk/Sokoban_Game/Sokoban_Game.sdk/sokoban_wrapper.hdf
INFO: [Vivado 12-393] Launching SDK...
INFO: [Vivado 12-417] Running xsdk -workspace C:/Users/jason/Desktop/verilog_lab/soc_work/final_project/Code/Sokoban_Game_sdk/Sokoban_Game/Sokoban_Game.sdk -hwspec C:/Users/jason/Desktop/verilog_lab/soc_work/final_project/Code/Sokoban_Game_sdk/Sokoban_Game/Sokoban_Game.sdk/sokoban_wrapper.hdf
INFO: [Vivado 12-3157] SDK launch initiated. Please check console for any further messages.
exit
INFO: [Common 17-206] Exiting Vivado at Sat Jan  6 12:23:46 2024...
