#-----------------------------------------------------------
# Vivado v2018.2.2 (64-bit)
# SW Build 2348494 on Mon Oct  1 18:25:44 MDT 2018
# IP Build 2318053 on Mon Oct  1 21:44:26 MDT 2018
# Start of session at: Fri Nov  3 14:59:57 2023
# Process ID: 13064
# Current directory: C:/Users/jason/Desktop/verilog_lab/soc_work/hw2/hw2
# Command line: vivado.exe -gui_launcher_event rodinguilauncherevent14860 C:\Users\jason\Desktop\verilog_lab\soc_work\hw2\hw2\hw2.xpr
# Log file: C:/Users/jason/Desktop/verilog_lab/soc_work/hw2/hw2/vivado.log
# Journal file: C:/Users/jason/Desktop/verilog_lab/soc_work/hw2/hw2\vivado.jou
#-----------------------------------------------------------
start_gui
open_project C:/Users/jason/Desktop/verilog_lab/soc_work/hw2/hw2/hw2.xpr
Scanning sources...
Finished scanning sources
INFO: [IP_Flow 19-234] Refreshing IP repositories
INFO: [IP_Flow 19-1704] No user IP repositories specified
INFO: [IP_Flow 19-2313] Loaded Vivado IP repository 'D:/Vivado/Vivado/2018.2/data/ip'.
open_project: Time (s): cpu = 00:00:15 ; elapsed = 00:00:11 . Memory (MB): peak = 888.457 ; gain = 136.684
update_compile_order -fileset sources_1
open_bd_design {C:/Users/jason/Desktop/verilog_lab/soc_work/hw2/hw2/hw2.srcs/sources_1/bd/hw2/hw2.bd}
Adding cell -- xilinx.com:ip:processing_system7:5.5 - processing_system7_0
Adding cell -- xilinx.com:ip:proc_sys_reset:5.0 - rst_ps7_0_50M
Adding cell -- xilinx.com:ip:axi_gpio:2.0 - axi_gpio_0
Adding cell -- xilinx.com:ip:axi_gpio:2.0 - axi_gpio_1
Adding cell -- xilinx.com:ip:axi_crossbar:2.1 - xbar
Adding cell -- xilinx.com:ip:axi_protocol_converter:2.1 - auto_pc
Successfully read diagram <hw2> from BD file <C:/Users/jason/Desktop/verilog_lab/soc_work/hw2/hw2/hw2.srcs/sources_1/bd/hw2/hw2.bd>
open_bd_design: Time (s): cpu = 00:00:08 ; elapsed = 00:00:08 . Memory (MB): peak = 996.434 ; gain = 99.070
launch_sdk -workspace C:/Users/jason/Desktop/verilog_lab/soc_work/hw2/hw2/hw2.sdk -hwspec C:/Users/jason/Desktop/verilog_lab/soc_work/hw2/hw2/hw2.sdk/hw2_wrapper.hdf
INFO: [Vivado 12-393] Launching SDK...
INFO: [Vivado 12-417] Running xsdk -workspace C:/Users/jason/Desktop/verilog_lab/soc_work/hw2/hw2/hw2.sdk -hwspec C:/Users/jason/Desktop/verilog_lab/soc_work/hw2/hw2/hw2.sdk/hw2_wrapper.hdf
INFO: [Vivado 12-3157] SDK launch initiated. Please check console for any further messages.
exit
INFO: [Common 17-206] Exiting Vivado at Fri Nov  3 15:24:26 2023...
