#-----------------------------------------------------------
# Vivado v2018.2.2 (64-bit)
# SW Build 2348494 on Mon Oct  1 18:25:44 MDT 2018
# IP Build 2318053 on Mon Oct  1 21:44:26 MDT 2018
# Start of session at: Wed Nov 22 23:40:45 2023
# Process ID: 27644
# Current directory: C:/Users/jason/Desktop/verilog_lab/soc_work/hw3/hw3
# Command line: vivado.exe -gui_launcher_event rodinguilauncherevent25588 C:\Users\jason\Desktop\verilog_lab\soc_work\hw3\hw3\hw3.xpr
# Log file: C:/Users/jason/Desktop/verilog_lab/soc_work/hw3/hw3/vivado.log
# Journal file: C:/Users/jason/Desktop/verilog_lab/soc_work/hw3/hw3\vivado.jou
#-----------------------------------------------------------
start_gui
open_project C:/Users/jason/Desktop/verilog_lab/soc_work/hw3/hw3/hw3.xpr
Scanning sources...
Finished scanning sources
INFO: [IP_Flow 19-234] Refreshing IP repositories
INFO: [IP_Flow 19-1704] No user IP repositories specified
INFO: [IP_Flow 19-2313] Loaded Vivado IP repository 'D:/Vivado/Vivado/2018.2/data/ip'.
open_project: Time (s): cpu = 00:00:14 ; elapsed = 00:00:10 . Memory (MB): peak = 913.922 ; gain = 149.277
update_compile_order -fileset sources_1
launch_sdk -workspace C:/Users/jason/Desktop/verilog_lab/soc_work/hw3/hw3/hw3.sdk -hwspec C:/Users/jason/Desktop/verilog_lab/soc_work/hw3/hw3/hw3.sdk/interrupt_wrapper.hdf
INFO: [Vivado 12-393] Launching SDK...
INFO: [Vivado 12-417] Running xsdk -workspace C:/Users/jason/Desktop/verilog_lab/soc_work/hw3/hw3/hw3.sdk -hwspec C:/Users/jason/Desktop/verilog_lab/soc_work/hw3/hw3/hw3.sdk/interrupt_wrapper.hdf
INFO: [Vivado 12-3157] SDK launch initiated. Please check console for any further messages.
launch_sdk -workspace C:/Users/jason/Desktop/verilog_lab/soc_work/hw3/hw3/hw3.sdk -hwspec C:/Users/jason/Desktop/verilog_lab/soc_work/hw3/hw3/hw3.sdk/interrupt_wrapper.hdf
INFO: [Vivado 12-393] Launching SDK...
INFO: [Vivado 12-417] Running xsdk -workspace C:/Users/jason/Desktop/verilog_lab/soc_work/hw3/hw3/hw3.sdk -hwspec C:/Users/jason/Desktop/verilog_lab/soc_work/hw3/hw3/hw3.sdk/interrupt_wrapper.hdf
INFO: [Vivado 12-3157] SDK launch initiated. Please check console for any further messages.
exit
INFO: [Common 17-206] Exiting Vivado at Thu Nov 23 00:26:52 2023...
