Copyright 1986-2018 Xilinx, Inc. All Rights Reserved.
--------------------------------------------------------------------------------------------
| Tool Version : Vivado v.2018.2.2 (win64) Build 2348494 Mon Oct  1 18:25:44 MDT 2018
| Date         : Fri Dec 22 00:16:43 2023
| Host         : DESKTOP-9EAQJNA running 64-bit major release  (build 9200)
| Command      : report_control_sets -verbose -file sokoban_wrapper_control_sets_placed.rpt
| Design       : sokoban_wrapper
| Device       : xc7z020
--------------------------------------------------------------------------------------------

Control Set Information

Table of Contents
-----------------
1. Summary
2. Histogram
3. Flip-Flop Distribution
4. Detailed Control Set Information

1. Summary
----------

+----------------------------------------------------------+-------+
|                          Status                          | Count |
+----------------------------------------------------------+-------+
| Number of unique control sets                            |    45 |
| Unused register locations in slices containing registers |    60 |
+----------------------------------------------------------+-------+


2. Histogram
------------

+--------+--------------+
| Fanout | Control Sets |
+--------+--------------+
|      4 |            1 |
|      8 |            8 |
|     10 |            3 |
|     12 |            1 |
|     14 |            1 |
|    16+ |           31 |
+--------+--------------+


3. Flip-Flop Distribution
-------------------------

+--------------+-----------------------+------------------------+-----------------+--------------+
| Clock Enable | Synchronous Set/Reset | Asynchronous Set/Reset | Total Registers | Total Slices |
+--------------+-----------------------+------------------------+-----------------+--------------+
| No           | No                    | No                     |             462 |           70 |
| No           | No                    | Yes                    |               0 |            0 |
| No           | Yes                   | No                     |             358 |           58 |
| Yes          | No                    | No                     |             874 |          106 |
| Yes          | No                    | Yes                    |               0 |            0 |
| Yes          | Yes                   | No                     |             238 |           32 |
+--------------+-----------------------+------------------------+-----------------+--------------+


4. Detailed Control Set Information
-----------------------------------

+------------------------------------------------+---------------------------------------------------------------------------------------------------------------------------------------------------------------+-------------------------------------------------------------------------------------------------------------------------------------------+------------------+----------------+
|                  Clock Signal                  |                                                                         Enable Signal                                                                         |                                                              Set/Reset Signal                                                             | Slice Load Count | Bel Load Count |
+------------------------------------------------+---------------------------------------------------------------------------------------------------------------------------------------------------------------+-------------------------------------------------------------------------------------------------------------------------------------------+------------------+----------------+
|  sokoban_i/processing_system7_0/inst/FCLK_CLK0 | sokoban_i/ps7_0_axi_periph/s00_couplers/auto_pc/inst/gen_axilite.gen_b2s_conv.axilite_b2s/WR.b_channel_0/bid_fifo_0/bresp_push                                |                                                                                                                                           |                1 |              4 |
|  sokoban_i/processing_system7_0/inst/FCLK_CLK0 |                                                                                                                                                               | sokoban_i/ps7_0_axi_periph/s00_couplers/auto_pc/inst/gen_axilite.gen_b2s_conv.axilite_b2s/SI_REG/ar.ar_pipe/m_valid_i_reg_0               |                3 |              8 |
|  sokoban_i/processing_system7_0/inst/FCLK_CLK0 |                                                                                                                                                               | sokoban_i/axi_gpio_0/U0/AXI_LITE_IPIF_I/I_SLAVE_ATTACHMENT/clear                                                                          |                2 |              8 |
|  sokoban_i/processing_system7_0/inst/FCLK_CLK0 | sokoban_i/ps7_0_axi_periph/s00_couplers/auto_pc/inst/gen_axilite.gen_b2s_conv.axilite_b2s/WR.aw_channel_0/aw_cmd_fsm_0/axaddr_wrap_reg[11][0]                 | sokoban_i/ps7_0_axi_periph/s00_couplers/auto_pc/inst/gen_axilite.gen_b2s_conv.axilite_b2s/WR.aw_channel_0/aw_cmd_fsm_0/axlen_cnt_reg[7]_1 |                1 |              8 |
|  sokoban_i/processing_system7_0/inst/FCLK_CLK0 |                                                                                                                                                               | sokoban_i/axi_gpio_1/U0/AXI_LITE_IPIF_I/I_SLAVE_ATTACHMENT/clear                                                                          |                2 |              8 |
|  sokoban_i/processing_system7_0/inst/FCLK_CLK0 | sokoban_i/axi_gpio_0/U0/AXI_LITE_IPIF_I/I_SLAVE_ATTACHMENT/start2                                                                                             | sokoban_i/axi_gpio_0/U0/AXI_LITE_IPIF_I/I_SLAVE_ATTACHMENT/I_DECODER/cs_ce_clr                                                            |                1 |              8 |
|  sokoban_i/processing_system7_0/inst/FCLK_CLK0 | sokoban_i/axi_gpio_0/U0/AXI_LITE_IPIF_I/I_SLAVE_ATTACHMENT/bus2ip_addr_i[8]_i_1_n_0                                                                           | sokoban_i/axi_gpio_0/U0/AXI_LITE_IPIF_I/I_SLAVE_ATTACHMENT/SR[0]                                                                          |                1 |              8 |
|  sokoban_i/processing_system7_0/inst/FCLK_CLK0 |                                                                                                                                                               | sokoban_i/ps7_0_axi_periph/s00_couplers/auto_pc/inst/gen_axilite.gen_b2s_conv.axilite_b2s/SI_REG/aw.aw_pipe/s_ready_i_reg_0               |                3 |              8 |
|  sokoban_i/processing_system7_0/inst/FCLK_CLK0 | sokoban_i/ps7_0_axi_periph/s00_couplers/auto_pc/inst/gen_axilite.gen_b2s_conv.axilite_b2s/RD.ar_channel_0/ar_cmd_fsm_0/E[0]                                   | sokoban_i/ps7_0_axi_periph/s00_couplers/auto_pc/inst/gen_axilite.gen_b2s_conv.axilite_b2s/RD.ar_channel_0/ar_cmd_fsm_0/axlen_cnt_reg[7]   |                2 |              8 |
|  sokoban_i/processing_system7_0/inst/FCLK_CLK0 | sokoban_i/axi_gpio_1/U0/AXI_LITE_IPIF_I/I_SLAVE_ATTACHMENT/I_DECODER/Not_Dual.gpio_OE_reg[0][0]                                                               | sokoban_i/axi_gpio_1/U0/bus2ip_reset                                                                                                      |                3 |             10 |
|  sokoban_i/processing_system7_0/inst/FCLK_CLK0 |                                                                                                                                                               | sokoban_i/rst_ps7_0_50M/U0/EXT_LPF/lpf_int                                                                                                |                3 |             10 |
|  sokoban_i/processing_system7_0/inst/FCLK_CLK0 |                                                                                                                                                               | sokoban_i/axi_gpio_1/U0/gpio_core_1/Not_Dual.ALLIN1_ND.READ_REG_GEN[4].reg1[31]_i_1_n_0                                                   |                2 |             10 |
|  sokoban_i/processing_system7_0/inst/FCLK_CLK0 | sokoban_i/rst_ps7_0_50M/U0/SEQ/seq_cnt_en                                                                                                                     | sokoban_i/rst_ps7_0_50M/U0/SEQ/SEQ_COUNTER/clear                                                                                          |                1 |             12 |
|  sokoban_i/processing_system7_0/inst/FCLK_CLK0 | sokoban_i/axi_gpio_1/U0/AXI_LITE_IPIF_I/I_SLAVE_ATTACHMENT/s_axi_rresp_i                                                                                      | sokoban_i/axi_gpio_1/U0/bus2ip_reset                                                                                                      |                1 |             14 |
|  sokoban_i/processing_system7_0/inst/FCLK_CLK0 | sokoban_i/axi_gpio_0/U0/AXI_LITE_IPIF_I/I_SLAVE_ATTACHMENT/I_DECODER/E[0]                                                                                     | sokoban_i/axi_gpio_0/U0/AXI_LITE_IPIF_I/I_SLAVE_ATTACHMENT/SR[0]                                                                          |                1 |             16 |
|  sokoban_i/processing_system7_0/inst/FCLK_CLK0 | sokoban_i/ps7_0_axi_periph/s00_couplers/auto_pc/inst/gen_axilite.gen_b2s_conv.axilite_b2s/WR.b_channel_0/mhandshake_r                                         | sokoban_i/ps7_0_axi_periph/s00_couplers/auto_pc/inst/gen_axilite.gen_b2s_conv.axilite_b2s/WR.b_channel_0/bid_fifo_0/SR[0]                 |                2 |             16 |
|  sokoban_i/processing_system7_0/inst/FCLK_CLK0 | sokoban_i/axi_gpio_1/U0/AXI_LITE_IPIF_I/I_SLAVE_ATTACHMENT/bus2ip_addr_i[8]_i_1_n_0                                                                           | sokoban_i/axi_gpio_1/U0/bus2ip_reset                                                                                                      |                2 |             16 |
|  sokoban_i/processing_system7_0/inst/FCLK_CLK0 | sokoban_i/axi_gpio_0/U0/AXI_LITE_IPIF_I/I_SLAVE_ATTACHMENT/I_DECODER/Not_Dual.gpio_OE_reg[0][0]                                                               | sokoban_i/axi_gpio_0/U0/AXI_LITE_IPIF_I/I_SLAVE_ATTACHMENT/SR[0]                                                                          |                2 |             16 |
|  sokoban_i/processing_system7_0/inst/FCLK_CLK0 | sokoban_i/axi_gpio_0/U0/AXI_LITE_IPIF_I/I_SLAVE_ATTACHMENT/s_axi_rresp_i                                                                                      | sokoban_i/axi_gpio_0/U0/AXI_LITE_IPIF_I/I_SLAVE_ATTACHMENT/SR[0]                                                                          |                2 |             18 |
|  sokoban_i/processing_system7_0/inst/FCLK_CLK0 |                                                                                                                                                               | sokoban_i/ps7_0_axi_periph/xbar/inst/gen_sasd.crossbar_sasd_0/addr_arbiter_inst/SR[0]                                                     |                5 |             22 |
|  sokoban_i/processing_system7_0/inst/FCLK_CLK0 | sokoban_i/ps7_0_axi_periph/s00_couplers/auto_pc/inst/gen_axilite.gen_b2s_conv.axilite_b2s/WR.aw_channel_0/aw_cmd_fsm_0/E[0]                                   |                                                                                                                                           |                6 |             24 |
|  sokoban_i/processing_system7_0/inst/FCLK_CLK0 | sokoban_i/ps7_0_axi_periph/s00_couplers/auto_pc/inst/gen_axilite.gen_b2s_conv.axilite_b2s/WR.aw_channel_0/cmd_translator_0/incr_cmd_0/axaddr_incr[11]_i_1_n_0 |                                                                                                                                           |                2 |             24 |
|  sokoban_i/processing_system7_0/inst/FCLK_CLK0 | sokoban_i/ps7_0_axi_periph/s00_couplers/auto_pc/inst/gen_axilite.gen_b2s_conv.axilite_b2s/RD.ar_channel_0/ar_cmd_fsm_0/wrap_boundary_axaddr_r_reg[11][0]      |                                                                                                                                           |                4 |             24 |
|  sokoban_i/processing_system7_0/inst/FCLK_CLK0 | sokoban_i/ps7_0_axi_periph/s00_couplers/auto_pc/inst/gen_axilite.gen_b2s_conv.axilite_b2s/RD.ar_channel_0/ar_cmd_fsm_0/axaddr_incr_reg[0][0]                  |                                                                                                                                           |                4 |             24 |
|  sokoban_i/processing_system7_0/inst/FCLK_CLK0 | sokoban_i/ps7_0_axi_periph/s00_couplers/auto_pc/inst/gen_axilite.gen_b2s_conv.axilite_b2s/RD.r_channel_0/r_push_r                                             |                                                                                                                                           |                4 |             26 |
|  sokoban_i/processing_system7_0/inst/FCLK_CLK0 | sokoban_i/ps7_0_axi_periph/s00_couplers/auto_pc/inst/gen_axilite.gen_b2s_conv.axilite_b2s/SI_REG/b.b_pipe/skid_buffer_reg[0]_0                                |                                                                                                                                           |                3 |             28 |
|  sokoban_i/processing_system7_0/inst/FCLK_CLK0 | sokoban_i/ps7_0_axi_periph/s00_couplers/auto_pc/inst/gen_axilite.gen_b2s_conv.axilite_b2s/SI_REG/b.b_pipe/p_1_in                                              |                                                                                                                                           |                2 |             28 |
|  sokoban_i/processing_system7_0/inst/FCLK_CLK0 |                                                                                                                                                               | sokoban_i/axi_gpio_0/U0/gpio_core_1/Read_Reg_Rst                                                                                          |                4 |             32 |
|  sokoban_i/processing_system7_0/inst/FCLK_CLK0 | sokoban_i/ps7_0_axi_periph/s00_couplers/auto_pc/inst/gen_axilite.gen_b2s_conv.axilite_b2s/WR.aw_channel_0/aw_cmd_fsm_0/b_push                                 |                                                                                                                                           |                3 |             32 |
|  sokoban_i/processing_system7_0/inst/FCLK_CLK0 | sokoban_i/ps7_0_axi_periph/s00_couplers/auto_pc/inst/gen_axilite.gen_b2s_conv.axilite_b2s/RD.ar_channel_0/ar_cmd_fsm_0/E[0]                                   |                                                                                                                                           |                7 |             40 |
|  sokoban_i/processing_system7_0/inst/FCLK_CLK0 | sokoban_i/ps7_0_axi_periph/s00_couplers/auto_pc/inst/gen_axilite.gen_b2s_conv.axilite_b2s/WR.aw_channel_0/aw_cmd_fsm_0/axaddr_wrap_reg[11][0]                 |                                                                                                                                           |                9 |             40 |
|  sokoban_i/processing_system7_0/inst/FCLK_CLK0 | sokoban_i/axi_gpio_1/U0/AXI_LITE_IPIF_I/I_SLAVE_ATTACHMENT/start2                                                                                             | sokoban_i/axi_gpio_1/U0/AXI_LITE_IPIF_I/I_SLAVE_ATTACHMENT/I_DECODER/cs_ce_clr                                                            |                4 |             42 |
|  sokoban_i/processing_system7_0/inst/FCLK_CLK0 | sokoban_i/ps7_0_axi_periph/xbar/inst/gen_sasd.crossbar_sasd_0/addr_arbiter_inst/p_0_in1_in                                                                    | sokoban_i/ps7_0_axi_periph/xbar/inst/gen_sasd.crossbar_sasd_0/addr_arbiter_inst/SR[0]                                                     |                9 |             46 |
|  sokoban_i/processing_system7_0/inst/FCLK_CLK0 |                                                                                                                                                               | sokoban_i/axi_gpio_0/U0/AXI_LITE_IPIF_I/I_SLAVE_ATTACHMENT/SR[0]                                                                          |                8 |             48 |
|  sokoban_i/processing_system7_0/inst/FCLK_CLK0 | sokoban_i/ps7_0_axi_periph/s00_couplers/auto_pc/inst/gen_axilite.gen_b2s_conv.axilite_b2s/RD.r_channel_0/rd_data_fifo_0/wr_en0                                |                                                                                                                                           |               10 |             68 |
|  sokoban_i/processing_system7_0/inst/FCLK_CLK0 | sokoban_i/ps7_0_axi_periph/xbar/inst/gen_sasd.crossbar_sasd_0/addr_arbiter_inst/E[0]                                                                          |                                                                                                                                           |                8 |             70 |
|  sokoban_i/processing_system7_0/inst/FCLK_CLK0 |                                                                                                                                                               | sokoban_i/axi_gpio_1/U0/bus2ip_reset                                                                                                      |               11 |             84 |
|  sokoban_i/processing_system7_0/inst/FCLK_CLK0 | sokoban_i/ps7_0_axi_periph/s00_couplers/auto_pc/inst/gen_axilite.gen_b2s_conv.axilite_b2s/SI_REG/r.r_pipe/p_1_in                                              |                                                                                                                                           |                8 |             94 |
|  sokoban_i/processing_system7_0/inst/FCLK_CLK0 | sokoban_i/ps7_0_axi_periph/s00_couplers/auto_pc/inst/gen_axilite.gen_b2s_conv.axilite_b2s/SI_REG/r.r_pipe/skid_buffer_reg[0]_0                                |                                                                                                                                           |                9 |             94 |
|  sokoban_i/processing_system7_0/inst/FCLK_CLK0 | sokoban_i/ps7_0_axi_periph/s00_couplers/auto_pc/inst/gen_axilite.gen_b2s_conv.axilite_b2s/WR.aw_channel_0/aw_cmd_fsm_0/m_payload_i_reg[0][0]                  |                                                                                                                                           |               11 |             96 |
|  sokoban_i/processing_system7_0/inst/FCLK_CLK0 | sokoban_i/ps7_0_axi_periph/s00_couplers/auto_pc/inst/gen_axilite.gen_b2s_conv.axilite_b2s/RD.ar_channel_0/ar_cmd_fsm_0/m_payload_i_reg[0]_1[0]                |                                                                                                                                           |               11 |             96 |
|  sokoban_i/processing_system7_0/inst/FCLK_CLK0 | sokoban_i/ps7_0_axi_periph/s00_couplers/auto_pc/inst/gen_axilite.gen_b2s_conv.axilite_b2s/SI_REG/aw.aw_pipe/s_axi_awready                                     |                                                                                                                                           |               11 |             96 |
|  sokoban_i/processing_system7_0/inst/FCLK_CLK0 | sokoban_i/ps7_0_axi_periph/s00_couplers/auto_pc/inst/gen_axilite.gen_b2s_conv.axilite_b2s/SI_REG/ar.ar_pipe/s_axi_arready                                     |                                                                                                                                           |               11 |             96 |
|  sokoban_i/processing_system7_0/inst/FCLK_CLK0 |                                                                                                                                                               | sokoban_i/ps7_0_axi_periph/s00_couplers/auto_pc/inst/gen_axilite.gen_b2s_conv.axilite_b2s/areset_d1                                       |               15 |            120 |
|  sokoban_i/processing_system7_0/inst/FCLK_CLK0 |                                                                                                                                                               |                                                                                                                                           |               71 |            464 |
+------------------------------------------------+---------------------------------------------------------------------------------------------------------------------------------------------------------------+-------------------------------------------------------------------------------------------------------------------------------------------+------------------+----------------+


